<?xml version="1.0" encoding="UTF-8"?>
<!-- Generated by org.testng.reporters.JUnitReportReporter -->
<testsuite skipped="0" hostname="7e6b2bf75378" name="com.searchmodule.tests.SearchTest" tests="4" failures="0" timestamp="24 Dec 2020 16:22:28 GMT" time="13.529" errors="0">
  <testcase name="search" time="3.858" classname="com.searchmodule.tests.SearchTest"/>
  <testcase name="search" time="3.132" classname="com.searchmodule.tests.SearchTest"/>
  <testcase name="search" time="2.519" classname="com.searchmodule.tests.SearchTest"/>
  <testcase name="search" time="4.020" classname="com.searchmodule.tests.SearchTest"/>
</testsuite> <!-- com.searchmodule.tests.SearchTest -->
